
   ____    __
  / __/___/ /  ___
 / _// __/ _ \/ _ \
/___/\__/_//_/\___/ v4.7.2
High performance, minimalist Go web framework
https://echo.labstack.com
____________________________________O/_______
                                    O\
⇨ http server started on [::]:1323
1
[]
2
[]
3
[]
4
[{Jeffrey 123456 1115378579@qq.com}]

   ____    __
  / __/___/ /  ___
 / _// __/ _ \/ _ \
/___/\__/_//_/\___/ v4.7.2
High performance, minimalist Go web framework
https://echo.labstack.com
____________________________________O/_______
                                    O\
⇨ http server started on [::]:1323

   ____    __
  / __/___/ /  ___
 / _// __/ _ \/ _ \
/___/\__/_//_/\___/ v4.7.2
High performance, minimalist Go web framework
https://echo.labstack.com
____________________________________O/_______
                                    O\
⇨ http server started on [::]:1323
1
[{Jeffrey 123456 1115378579@qq.com}]
2
[{Jeffrey 123456 1115378579@qq.com}]
3
[{Jeffrey 123456 1115378579@qq.com}]
4
[{Jeffrey 123456 1115378579@qq.com}]
5
[{Jeffrey 123456 1115378579@qq.com}]
6
[{Jeffrey 123456 1115378579@qq.com}]
7
[{Jeffrey 123456 1115378579@qq.com}]
8
[{Jeffrey 123456 1115378579@qq.com}]
9
[{Jeffrey 123456 1115378579@qq.com}]
10
[{Jeffrey 123456 1115378579@qq.com}]
11
[{Jeffrey 123456 1115378579@qq.com}]
12
[{Jeffrey 123456 1115378579@qq.com}]
13
14
15
16
17
18
19
20
21
22
23
24
25
26
27
28
29
[{买奶茶 jiaf 秋天第一杯奶茶 2022-08-07 1 1} {买奶茶 jiaf 秋天第一杯奶茶 2022-08-09 2 1} {1 测试 开发测试 2022-08-08 3 1} {钉钉打卡 jf 打卡 2022-08-08 10:55:03 4 1} {1   2022-08-08 10:58:45 5 1} {1   2022-08-18T14:05:08 6 1} {112 123 123 2022-08-18 11:02:23 7 1} {1   2022-08-09 12:04:35 8 0}]
nohup: help: No such file or directory
